#
# A fatal error has been detected by the Java Runtime Environment:
#
#  Internal Error (./open/src/hotspot/share/interpreter/oopMapCache.cpp:111), pid=34552, tid=34240
#  Error: ShouldNotReachHere()
#
# JRE version: OpenJDK Runtime Environment (15.0.2+7) (build 15.0.2+7-27)
# Java VM: OpenJDK 64-Bit Server VM (15.0.2+7-27, mixed mode, tiered, compressed oops, g1 gc, windows-amd64)
# No core dump will be written. Minidumps are not enabled by default on client versions of Windows
#
# If you would like to submit a bug report, please visit:
#   https://bugreport.java.com/bugreport/crash.jsp
#

---------------  S U M M A R Y ------------

Command Line: -XX:+ShowCodeDetailsInExceptionMessages -agentlib:jdwp=transport=dt_socket,suspend=y,address=localhost:49330 -javaagent:C:\Users\lbfn8\Downloads\eclipse-java-2021-03-R-win32-x86_64\eclipse\configuration\org.eclipse.osgi\222\0\.cp\lib\javaagent-shaded.jar -Dfile.encoding=UTF-8 com.Main

Host: Intel(R) Core(TM) i9-9880H CPU @ 2.30GHz, 16 cores, 31G,  Windows 10 , 64 bit Build 19041 (10.0.19041.1151)
Time: Fri Sep 10 00:33:52 2021 Eastern Daylight Time elapsed time: 731.605793 seconds (0d 0h 12m 11s)

---------------  T H R E A D  ---------------

Current thread (0x00000217e7c10d20):  JavaThread "JDWP Transport Listener: dt_socket" daemon [_thread_in_vm, id=34240, stack(0x0000006625900000,0x0000006625a00000)] _threads_hazard_ptr=0x00000217e8767960

Stack: [0x0000006625900000,0x0000006625a00000]
Native frames: (J=compiled Java code, j=interpreted, Vv=VM code, C=native code)
V  [jvm.dll+0x62ae9a]
V  [jvm.dll+0x7817a9]
V  [jvm.dll+0x782f03]
V  [jvm.dll+0x783517]
V  [jvm.dll+0x21628c]
V  [jvm.dll+0x2161d3]
V  [jvm.dll+0x619eea]
V  [jvm.dll+0x619ba3]
V  [jvm.dll+0x5df278]
V  [jvm.dll+0x77876f]
V  [jvm.dll+0x4f02e1]
V  [jvm.dll+0x7882b5]
V  [jvm.dll+0x4d40ea]
V  [jvm.dll+0x49526b]
C  [jdwp.dll+0x796b]


---------------  P R O C E S S  ---------------

Threads class SMR info:
_java_thread_list=0x00000217e8767960, length=16, elements={
0x00000217e78de130, 0x00000217e78df3b0, 0x00000217e78cb670, 0x00000217e78cbf30,
0x00000217e79012b0, 0x00000217e7904b00, 0x00000217e7906a90, 0x00000217e78f4c40,
0x00000217e7a53040, 0x00000217e7c10d20, 0x00000217e7bacba0, 0x00000217e80affe0,
0x00000217e81fe4b0, 0x00000217bdf54d00, 0x00000217bdf53b50, 0x00000217ea06d740
}

Java Threads: ( => current thread )
  0x00000217e78de130 JavaThread "Reference Handler" daemon [_thread_blocked, id=28572, stack(0x0000006624e00000,0x0000006624f00000)]
  0x00000217e78df3b0 JavaThread "Finalizer" daemon [_thread_blocked, id=39408, stack(0x0000006624f00000,0x0000006625000000)]
  0x00000217e78cb670 JavaThread "Signal Dispatcher" daemon [_thread_blocked, id=41532, stack(0x0000006625000000,0x0000006625100000)]
  0x00000217e78cbf30 JavaThread "Attach Listener" daemon [_thread_blocked, id=20896, stack(0x0000006625100000,0x0000006625200000)]
  0x00000217e79012b0 JavaThread "Service Thread" daemon [_thread_blocked, id=33168, stack(0x0000006625200000,0x0000006625300000)]
  0x00000217e7904b00 JavaThread "C2 CompilerThread0" daemon [_thread_blocked, id=31716, stack(0x0000006625300000,0x0000006625400000)]
  0x00000217e7906a90 JavaThread "C1 CompilerThread0" daemon [_thread_blocked, id=29300, stack(0x0000006625400000,0x0000006625500000)]
  0x00000217e78f4c40 JavaThread "Sweeper thread" daemon [_thread_blocked, id=30948, stack(0x0000006625500000,0x0000006625600000)]
  0x00000217e7a53040 JavaThread "Common-Cleaner" daemon [_thread_blocked, id=37504, stack(0x0000006625600000,0x0000006625700000)]
=>0x00000217e7c10d20 JavaThread "JDWP Transport Listener: dt_socket" daemon [_thread_in_vm, id=34240, stack(0x0000006625900000,0x0000006625a00000)] _threads_hazard_ptr=0x00000217e8767960
  0x00000217e7bacba0 JavaThread "JDWP Event Helper Thread" daemon [_thread_blocked, id=27096, stack(0x0000006625a00000,0x0000006625b00000)]
  0x00000217e80affe0 JavaThread "JDWP Command Reader" daemon [_thread_in_native, id=8136, stack(0x0000006625b00000,0x0000006625c00000)]
  0x00000217e81fe4b0 JavaThread "Notification Thread" daemon [_thread_blocked, id=32448, stack(0x0000006625d00000,0x0000006625e00000)]
  0x00000217bdf54d00 JavaThread "3D Cube" [_thread_blocked, id=41824, stack(0x0000006625f00000,0x0000006626000000)]
  0x00000217bdf53b50 JavaThread "DestroyJavaVM" [_thread_blocked, id=34928, stack(0x0000006624700000,0x0000006624800000)]
  0x00000217ea06d740 JavaThread "Java2D Disposer" daemon [_thread_blocked, id=7252, stack(0x0000006627300000,0x0000006627400000)]

Other Threads:
  0x00000217e700fbf0 VMThread "VM Thread" [stack: 0x0000006624d00000,0x0000006624e00000] [id=10124]
  0x00000217e81f7920 WatcherThread [stack: 0x0000006625e00000,0x0000006625f00000] [id=27120]
  0x00000217bdfcc2b0 GCTaskThread "GC Thread#0" [stack: 0x0000006624800000,0x0000006624900000] [id=35780]
  0x00000217e82dbd30 GCTaskThread "GC Thread#1" [stack: 0x0000006626700000,0x0000006626800000] [id=22936]
  0x00000217e82dc060 GCTaskThread "GC Thread#2" [stack: 0x0000006626800000,0x0000006626900000] [id=3636]
  0x00000217e82ddd10 GCTaskThread "GC Thread#3" [stack: 0x0000006626900000,0x0000006626a00000] [id=37932]
  0x00000217e82dd050 GCTaskThread "GC Thread#4" [stack: 0x0000006626a00000,0x0000006626b00000] [id=37992]
  0x00000217e82dcd20 GCTaskThread "GC Thread#5" [stack: 0x0000006626b00000,0x0000006626c00000] [id=38096]
  0x00000217e82dc390 GCTaskThread "GC Thread#6" [stack: 0x0000006626c00000,0x0000006626d00000] [id=38832]
  0x00000217e82dc9f0 GCTaskThread "GC Thread#7" [stack: 0x0000006626d00000,0x0000006626e00000] [id=28784]
  0x00000217e82db6d0 GCTaskThread "GC Thread#8" [stack: 0x0000006626e00000,0x0000006626f00000] [id=29076]
  0x00000217e82dc6c0 GCTaskThread "GC Thread#9" [stack: 0x0000006626f00000,0x0000006627000000] [id=30292]
  0x00000217e82dd6b0 GCTaskThread "GC Thread#10" [stack: 0x0000006627000000,0x0000006627100000] [id=33412]
  0x00000217e82dd9e0 GCTaskThread "GC Thread#11" [stack: 0x0000006627100000,0x0000006627200000] [id=32564]
  0x00000217bdfde270 ConcurrentGCThread "G1 Main Marker" [stack: 0x0000006624900000,0x0000006624a00000] [id=31192]
  0x00000217bdfe05a0 ConcurrentGCThread "G1 Conc#0" [stack: 0x0000006624a00000,0x0000006624b00000] [id=38684]
  0x00000217be02de80 ConcurrentGCThread "G1 Refine#0" [stack: 0x0000006624b00000,0x0000006624c00000] [id=36948]
  0x00000217be02e750 ConcurrentGCThread "G1 Young RemSet Sampling" [stack: 0x0000006624c00000,0x0000006624d00000] [id=28076]

Threads with active compile tasks:

VM state: not at safepoint (normal execution)

VM Mutex/Monitor currently owned by a thread: None

Heap address: 0x0000000604400000, size: 8124 MB, Compressed Oops mode: Zero based, Oop shift amount: 3
CDS disabled.
Compressed class space mapped at: 0x0000000800000000-0x0000000840000000, size: 1073741824
Narrow klass base: 0x0000000800000000, Narrow klass shift: 0, Narrow klass range: 0x40000000

GC Precious Log:
 CPUs: 16 total, 16 available
 Memory: 32495M
 Large Page Support: Disabled
 NUMA Support: Disabled
 Compressed Oops: Enabled (Zero based)
 Heap Region Size: 4M
 Heap Min Capacity: 8M
 Heap Initial Capacity: 508M
 Heap Max Capacity: 8124M
 Pre-touch: Disabled
 Parallel Workers: 13
 Concurrent Workers: 3
 Concurrent Refinement Workers: 13
 Periodic GC: Disabled

Heap:
 garbage-first heap   total 520192K, used 138336K [0x0000000604400000, 0x0000000800000000)
  region size 4096K, 13 young (53248K), 1 survivors (4096K)
 Metaspace       used 19238K, capacity 19439K, committed 19712K, reserved 1067008K
  class space    used 1402K, capacity 1448K, committed 1536K, reserved 1048576K

Heap Regions: E=young(eden), S=young(survivor), O=old, HS=humongous(starts), HC=humongous(continues), CS=collection set, F=free, OA=open archive, CA=closed archive, TAMS=top-at-mark-start (previous, next)
|   0|0x0000000604400000, 0x0000000604400000, 0x0000000604800000|  0%| F|  |TAMS 0x0000000604400000, 0x0000000604400000| Untracked 
|   1|0x0000000604800000, 0x0000000604800000, 0x0000000604c00000|  0%| F|  |TAMS 0x0000000604800000, 0x0000000604800000| Untracked 
|   2|0x0000000604c00000, 0x0000000604c00000, 0x0000000605000000|  0%| F|  |TAMS 0x0000000604c00000, 0x0000000604c00000| Untracked 
|   3|0x0000000605000000, 0x0000000605000000, 0x0000000605400000|  0%| F|  |TAMS 0x0000000605000000, 0x0000000605000000| Untracked 
|   4|0x0000000605400000, 0x0000000605400000, 0x0000000605800000|  0%| F|  |TAMS 0x0000000605400000, 0x0000000605400000| Untracked 
|   5|0x0000000605800000, 0x0000000605800000, 0x0000000605c00000|  0%| F|  |TAMS 0x0000000605800000, 0x0000000605800000| Untracked 
|   6|0x0000000605c00000, 0x0000000606000000, 0x0000000606000000|100%|HS|  |TAMS 0x0000000605c00000, 0x0000000605c00000| Complete 
|   7|0x0000000606000000, 0x0000000606400000, 0x0000000606400000|100%|HC|  |TAMS 0x0000000606000000, 0x0000000606000000| Complete 
|   8|0x0000000606400000, 0x0000000606800000, 0x0000000606800000|100%|HC|  |TAMS 0x0000000606400000, 0x0000000606400000| Complete 
|   9|0x0000000606800000, 0x0000000606c00000, 0x0000000606c00000|100%|HC|  |TAMS 0x0000000606800000, 0x0000000606800000| Complete 
|  10|0x0000000606c00000, 0x0000000607000000, 0x0000000607000000|100%|HC|  |TAMS 0x0000000606c00000, 0x0000000606c00000| Complete 
|  11|0x0000000607000000, 0x0000000607400000, 0x0000000607400000|100%|HC|  |TAMS 0x0000000607000000, 0x0000000607000000| Complete 
|  12|0x0000000607400000, 0x0000000607800000, 0x0000000607800000|100%|HS|  |TAMS 0x0000000607400000, 0x0000000607400000| Complete 
|  13|0x0000000607800000, 0x0000000607c00000, 0x0000000607c00000|100%|HC|  |TAMS 0x0000000607800000, 0x0000000607800000| Complete 
|  14|0x0000000607c00000, 0x0000000608000000, 0x0000000608000000|100%|HC|  |TAMS 0x0000000607c00000, 0x0000000607c00000| Complete 
|  15|0x0000000608000000, 0x0000000608400000, 0x0000000608400000|100%|HC|  |TAMS 0x0000000608000000, 0x0000000608000000| Complete 
|  16|0x0000000608400000, 0x0000000608800000, 0x0000000608800000|100%|HC|  |TAMS 0x0000000608400000, 0x0000000608400000| Complete 
|  17|0x0000000608800000, 0x0000000608c00000, 0x0000000608c00000|100%|HC|  |TAMS 0x0000000608800000, 0x0000000608800000| Complete 
|  18|0x0000000608c00000, 0x0000000609000000, 0x0000000609000000|100%|HC|  |TAMS 0x0000000608c00000, 0x0000000608c00000| Complete 
|  19|0x0000000609000000, 0x0000000609400000, 0x0000000609400000|100%|HC|  |TAMS 0x0000000609000000, 0x0000000609000000| Complete 
|  20|0x0000000609400000, 0x0000000609800000, 0x0000000609800000|100%|HS|  |TAMS 0x0000000609400000, 0x0000000609400000| Complete 
|  21|0x0000000609800000, 0x0000000609c00000, 0x0000000609c00000|100%|HC|  |TAMS 0x0000000609800000, 0x0000000609800000| Complete 
|  22|0x0000000609c00000, 0x000000060a000000, 0x000000060a000000|100%|HC|  |TAMS 0x0000000609c00000, 0x0000000609c00000| Complete 
|  23|0x000000060a000000, 0x000000060a400000, 0x000000060a400000|100%|HC|  |TAMS 0x000000060a000000, 0x000000060a000000| Complete 
|  24|0x000000060a400000, 0x000000060a800000, 0x000000060a800000|100%|HC|  |TAMS 0x000000060a400000, 0x000000060a400000| Complete 
|  25|0x000000060a800000, 0x000000060ac00000, 0x000000060ac00000|100%|HC|  |TAMS 0x000000060a800000, 0x000000060a800000| Complete 
|  26|0x000000060ac00000, 0x000000060b000000, 0x000000060b000000|100%|HC|  |TAMS 0x000000060ac00000, 0x000000060ac00000| Complete 
|  27|0x000000060b000000, 0x000000060b400000, 0x000000060b400000|100%|HC|  |TAMS 0x000000060b000000, 0x000000060b000000| Complete 
|  28|0x000000060b400000, 0x000000060b400000, 0x000000060b800000|  0%| F|  |TAMS 0x000000060b400000, 0x000000060b400000| Untracked 
|  29|0x000000060b800000, 0x000000060b800000, 0x000000060bc00000|  0%| F|  |TAMS 0x000000060b800000, 0x000000060b800000| Untracked 
|  30|0x000000060bc00000, 0x000000060bc00000, 0x000000060c000000|  0%| F|  |TAMS 0x000000060bc00000, 0x000000060bc00000| Untracked 
|  31|0x000000060c000000, 0x000000060c000000, 0x000000060c400000|  0%| F|  |TAMS 0x000000060c000000, 0x000000060c000000| Untracked 
|  32|0x000000060c400000, 0x000000060c400000, 0x000000060c800000|  0%| F|  |TAMS 0x000000060c400000, 0x000000060c400000| Untracked 
|  33|0x000000060c800000, 0x000000060c800000, 0x000000060cc00000|  0%| F|  |TAMS 0x000000060c800000, 0x000000060c800000| Untracked 
|  34|0x000000060cc00000, 0x000000060cc00000, 0x000000060d000000|  0%| F|  |TAMS 0x000000060cc00000, 0x000000060cc00000| Untracked 
|  35|0x000000060d000000, 0x000000060d000000, 0x000000060d400000|  0%| F|  |TAMS 0x000000060d000000, 0x000000060d000000| Untracked 
|  36|0x000000060d400000, 0x000000060d400000, 0x000000060d800000|  0%| F|  |TAMS 0x000000060d400000, 0x000000060d400000| Untracked 
|  37|0x000000060d800000, 0x000000060d800000, 0x000000060dc00000|  0%| F|  |TAMS 0x000000060d800000, 0x000000060d800000| Untracked 
|  38|0x000000060dc00000, 0x000000060dc00000, 0x000000060e000000|  0%| F|  |TAMS 0x000000060dc00000, 0x000000060dc00000| Untracked 
|  39|0x000000060e000000, 0x000000060e000000, 0x000000060e400000|  0%| F|  |TAMS 0x000000060e000000, 0x000000060e000000| Untracked 
|  40|0x000000060e400000, 0x000000060e400000, 0x000000060e800000|  0%| F|  |TAMS 0x000000060e400000, 0x000000060e400000| Untracked 
|  41|0x000000060e800000, 0x000000060e800000, 0x000000060ec00000|  0%| F|  |TAMS 0x000000060e800000, 0x000000060e800000| Untracked 
|  42|0x000000060ec00000, 0x000000060ec00000, 0x000000060f000000|  0%| F|  |TAMS 0x000000060ec00000, 0x000000060ec00000| Untracked 
|  43|0x000000060f000000, 0x000000060f000000, 0x000000060f400000|  0%| F|  |TAMS 0x000000060f000000, 0x000000060f000000| Untracked 
|  44|0x000000060f400000, 0x000000060f400000, 0x000000060f800000|  0%| F|  |TAMS 0x000000060f400000, 0x000000060f400000| Untracked 
|  45|0x000000060f800000, 0x000000060f800000, 0x000000060fc00000|  0%| F|  |TAMS 0x000000060f800000, 0x000000060f800000| Untracked 
|  46|0x000000060fc00000, 0x000000060fc00000, 0x0000000610000000|  0%| F|  |TAMS 0x000000060fc00000, 0x000000060fc00000| Untracked 
|  47|0x0000000610000000, 0x0000000610000000, 0x0000000610400000|  0%| F|  |TAMS 0x0000000610000000, 0x0000000610000000| Untracked 
|  48|0x0000000610400000, 0x0000000610400000, 0x0000000610800000|  0%| F|  |TAMS 0x0000000610400000, 0x0000000610400000| Untracked 
|  49|0x0000000610800000, 0x0000000610800000, 0x0000000610c00000|  0%| F|  |TAMS 0x0000000610800000, 0x0000000610800000| Untracked 
|  50|0x0000000610c00000, 0x0000000610c00000, 0x0000000611000000|  0%| F|  |TAMS 0x0000000610c00000, 0x0000000610c00000| Untracked 
|  51|0x0000000611000000, 0x0000000611000000, 0x0000000611400000|  0%| F|  |TAMS 0x0000000611000000, 0x0000000611000000| Untracked 
|  52|0x0000000611400000, 0x0000000611400000, 0x0000000611800000|  0%| F|  |TAMS 0x0000000611400000, 0x0000000611400000| Untracked 
|  53|0x0000000611800000, 0x0000000611800000, 0x0000000611c00000|  0%| F|  |TAMS 0x0000000611800000, 0x0000000611800000| Untracked 
|  54|0x0000000611c00000, 0x0000000611c00000, 0x0000000612000000|  0%| F|  |TAMS 0x0000000611c00000, 0x0000000611c00000| Untracked 
|  55|0x0000000612000000, 0x0000000612000000, 0x0000000612400000|  0%| F|  |TAMS 0x0000000612000000, 0x0000000612000000| Untracked 
|  56|0x0000000612400000, 0x0000000612400000, 0x0000000612800000|  0%| F|  |TAMS 0x0000000612400000, 0x0000000612400000| Untracked 
|  57|0x0000000612800000, 0x0000000612800000, 0x0000000612c00000|  0%| F|  |TAMS 0x0000000612800000, 0x0000000612800000| Untracked 
|  58|0x0000000612c00000, 0x0000000612c00000, 0x0000000613000000|  0%| F|  |TAMS 0x0000000612c00000, 0x0000000612c00000| Untracked 
|  59|0x0000000613000000, 0x0000000613000000, 0x0000000613400000|  0%| F|  |TAMS 0x0000000613000000, 0x0000000613000000| Untracked 
|  60|0x0000000613400000, 0x0000000613400000, 0x0000000613800000|  0%| F|  |TAMS 0x0000000613400000, 0x0000000613400000| Untracked 
|  61|0x0000000613800000, 0x0000000613800000, 0x0000000613c00000|  0%| F|  |TAMS 0x0000000613800000, 0x0000000613800000| Untracked 
|  62|0x0000000613c00000, 0x0000000613c00000, 0x0000000614000000|  0%| F|  |TAMS 0x0000000613c00000, 0x0000000613c00000| Untracked 
|  63|0x0000000614000000, 0x0000000614000000, 0x0000000614400000|  0%| F|  |TAMS 0x0000000614000000, 0x0000000614000000| Untracked 
|  64|0x0000000614400000, 0x0000000614400000, 0x0000000614800000|  0%| F|  |TAMS 0x0000000614400000, 0x0000000614400000| Untracked 
|  65|0x0000000614800000, 0x0000000614800000, 0x0000000614c00000|  0%| F|  |TAMS 0x0000000614800000, 0x0000000614800000| Untracked 
|  66|0x0000000614c00000, 0x0000000614c00000, 0x0000000615000000|  0%| F|  |TAMS 0x0000000614c00000, 0x0000000614c00000| Untracked 
|  67|0x0000000615000000, 0x0000000615000000, 0x0000000615400000|  0%| F|  |TAMS 0x0000000615000000, 0x0000000615000000| Untracked 
|  68|0x0000000615400000, 0x0000000615400000, 0x0000000615800000|  0%| F|  |TAMS 0x0000000615400000, 0x0000000615400000| Untracked 
|  69|0x0000000615800000, 0x0000000615800000, 0x0000000615c00000|  0%| F|  |TAMS 0x0000000615800000, 0x0000000615800000| Untracked 
|  70|0x0000000615c00000, 0x0000000615c00000, 0x0000000616000000|  0%| F|  |TAMS 0x0000000615c00000, 0x0000000615c00000| Untracked 
|  71|0x0000000616000000, 0x0000000616000000, 0x0000000616400000|  0%| F|  |TAMS 0x0000000616000000, 0x0000000616000000| Untracked 
|  72|0x0000000616400000, 0x0000000616400000, 0x0000000616800000|  0%| F|  |TAMS 0x0000000616400000, 0x0000000616400000| Untracked 
|  73|0x0000000616800000, 0x0000000616800000, 0x0000000616c00000|  0%| F|  |TAMS 0x0000000616800000, 0x0000000616800000| Untracked 
|  74|0x0000000616c00000, 0x0000000616c00000, 0x0000000617000000|  0%| F|  |TAMS 0x0000000616c00000, 0x0000000616c00000| Untracked 
|  75|0x0000000617000000, 0x0000000617000000, 0x0000000617400000|  0%| F|  |TAMS 0x0000000617000000, 0x0000000617000000| Untracked 
|  76|0x0000000617400000, 0x0000000617400000, 0x0000000617800000|  0%| F|  |TAMS 0x0000000617400000, 0x0000000617400000| Untracked 
|  77|0x0000000617800000, 0x0000000617800000, 0x0000000617c00000|  0%| F|  |TAMS 0x0000000617800000, 0x0000000617800000| Untracked 
|  78|0x0000000617c00000, 0x0000000617c00000, 0x0000000618000000|  0%| F|  |TAMS 0x0000000617c00000, 0x0000000617c00000| Untracked 
|  79|0x0000000618000000, 0x0000000618000000, 0x0000000618400000|  0%| F|  |TAMS 0x0000000618000000, 0x0000000618000000| Untracked 
|  80|0x0000000618400000, 0x0000000618400000, 0x0000000618800000|  0%| F|  |TAMS 0x0000000618400000, 0x0000000618400000| Untracked 
|  81|0x0000000618800000, 0x0000000618800000, 0x0000000618c00000|  0%| F|  |TAMS 0x0000000618800000, 0x0000000618800000| Untracked 
|  82|0x0000000618c00000, 0x0000000618c00000, 0x0000000619000000|  0%| F|  |TAMS 0x0000000618c00000, 0x0000000618c00000| Untracked 
|  83|0x0000000619000000, 0x0000000619000000, 0x0000000619400000|  0%| F|  |TAMS 0x0000000619000000, 0x0000000619000000| Untracked 
|  84|0x0000000619400000, 0x0000000619400000, 0x0000000619800000|  0%| F|  |TAMS 0x0000000619400000, 0x0000000619400000| Untracked 
|  85|0x0000000619800000, 0x0000000619800000, 0x0000000619c00000|  0%| F|  |TAMS 0x0000000619800000, 0x0000000619800000| Untracked 
|  86|0x0000000619c00000, 0x0000000619c00000, 0x000000061a000000|  0%| F|  |TAMS 0x0000000619c00000, 0x0000000619c00000| Untracked 
|  87|0x000000061a000000, 0x000000061a000000, 0x000000061a400000|  0%| F|  |TAMS 0x000000061a000000, 0x000000061a000000| Untracked 
|  88|0x000000061a400000, 0x000000061a400000, 0x000000061a800000|  0%| F|  |TAMS 0x000000061a400000, 0x000000061a400000| Untracked 
|  89|0x000000061a800000, 0x000000061a800000, 0x000000061ac00000|  0%| F|  |TAMS 0x000000061a800000, 0x000000061a800000| Untracked 
|  90|0x000000061ac00000, 0x000000061ac00000, 0x000000061b000000|  0%| F|  |TAMS 0x000000061ac00000, 0x000000061ac00000| Untracked 
|  91|0x000000061b000000, 0x000000061b000000, 0x000000061b400000|  0%| F|  |TAMS 0x000000061b000000, 0x000000061b000000| Untracked 
|  92|0x000000061b400000, 0x000000061b400000, 0x000000061b800000|  0%| F|  |TAMS 0x000000061b400000, 0x000000061b400000| Untracked 
|  93|0x000000061b800000, 0x000000061b800000, 0x000000061bc00000|  0%| F|  |TAMS 0x000000061b800000, 0x000000061b800000| Untracked 
|  94|0x000000061bc00000, 0x000000061bc00000, 0x000000061c000000|  0%| F|  |TAMS 0x000000061bc00000, 0x000000061bc00000| Untracked 
|  95|0x000000061c000000, 0x000000061c000000, 0x000000061c400000|  0%| F|  |TAMS 0x000000061c000000, 0x000000061c000000| Untracked 
|  96|0x000000061c400000, 0x000000061c400000, 0x000000061c800000|  0%| F|  |TAMS 0x000000061c400000, 0x000000061c400000| Untracked 
|  97|0x000000061c800000, 0x000000061c800000, 0x000000061cc00000|  0%| F|  |TAMS 0x000000061c800000, 0x000000061c800000| Untracked 
|  98|0x000000061cc00000, 0x000000061cc00000, 0x000000061d000000|  0%| F|  |TAMS 0x000000061cc00000, 0x000000061cc00000| Untracked 
|  99|0x000000061d000000, 0x000000061d000000, 0x000000061d400000|  0%| F|  |TAMS 0x000000061d000000, 0x000000061d000000| Untracked 
| 100|0x000000061d400000, 0x000000061d400000, 0x000000061d800000|  0%| F|  |TAMS 0x000000061d400000, 0x000000061d400000| Untracked 
| 101|0x000000061d800000, 0x000000061d800000, 0x000000061dc00000|  0%| F|  |TAMS 0x000000061d800000, 0x000000061d800000| Untracked 
| 102|0x000000061dc00000, 0x000000061dc00000, 0x000000061e000000|  0%| F|  |TAMS 0x000000061dc00000, 0x000000061dc00000| Untracked 
| 103|0x000000061e000000, 0x000000061e000000, 0x000000061e400000|  0%| F|  |TAMS 0x000000061e000000, 0x000000061e000000| Untracked 
| 104|0x000000061e400000, 0x000000061e400000, 0x000000061e800000|  0%| F|  |TAMS 0x000000061e400000, 0x000000061e400000| Untracked 
| 105|0x000000061e800000, 0x000000061e800000, 0x000000061ec00000|  0%| F|  |TAMS 0x000000061e800000, 0x000000061e800000| Untracked 
| 106|0x000000061ec00000, 0x000000061ec00000, 0x000000061f000000|  0%| F|  |TAMS 0x000000061ec00000, 0x000000061ec00000| Untracked 
| 107|0x000000061f000000, 0x000000061f000000, 0x000000061f400000|  0%| F|  |TAMS 0x000000061f000000, 0x000000061f000000| Untracked 
| 108|0x000000061f400000, 0x000000061f400000, 0x000000061f800000|  0%| F|  |TAMS 0x000000061f400000, 0x000000061f400000| Untracked 
| 109|0x000000061f800000, 0x000000061f800000, 0x000000061fc00000|  0%| F|  |TAMS 0x000000061f800000, 0x000000061f800000| Untracked 
| 110|0x000000061fc00000, 0x000000061fc00000, 0x0000000620000000|  0%| F|  |TAMS 0x000000061fc00000, 0x000000061fc00000| Untracked 
| 111|0x0000000620000000, 0x0000000620000000, 0x0000000620400000|  0%| F|  |TAMS 0x0000000620000000, 0x0000000620000000| Untracked 
| 112|0x0000000620400000, 0x0000000620400000, 0x0000000620800000|  0%| F|  |TAMS 0x0000000620400000, 0x0000000620400000| Untracked 
| 113|0x0000000620800000, 0x0000000620800000, 0x0000000620c00000|  0%| F|  |TAMS 0x0000000620800000, 0x0000000620800000| Untracked 
| 114|0x0000000620c00000, 0x0000000621000000, 0x0000000621000000|100%| E|  |TAMS 0x0000000620c00000, 0x0000000620c00000| Complete 
| 115|0x0000000621000000, 0x0000000621400000, 0x0000000621400000|100%| E|CS|TAMS 0x0000000621000000, 0x0000000621000000| Complete 
| 116|0x0000000621400000, 0x00000006217183d8, 0x0000000621800000| 77%| S|CS|TAMS 0x0000000621400000, 0x0000000621400000| Complete 
| 117|0x0000000621800000, 0x0000000621c00000, 0x0000000621c00000|100%| E|CS|TAMS 0x0000000621800000, 0x0000000621800000| Complete 
| 118|0x0000000621c00000, 0x0000000622000000, 0x0000000622000000|100%| E|CS|TAMS 0x0000000621c00000, 0x0000000621c00000| Complete 
| 119|0x0000000622000000, 0x0000000622400000, 0x0000000622400000|100%| E|CS|TAMS 0x0000000622000000, 0x0000000622000000| Complete 
| 120|0x0000000622400000, 0x0000000622800000, 0x0000000622800000|100%| E|CS|TAMS 0x0000000622400000, 0x0000000622400000| Complete 
| 121|0x0000000622800000, 0x0000000622c00000, 0x0000000622c00000|100%| E|CS|TAMS 0x0000000622800000, 0x0000000622800000| Complete 
| 122|0x0000000622c00000, 0x0000000623000000, 0x0000000623000000|100%| E|CS|TAMS 0x0000000622c00000, 0x0000000622c00000| Complete 
| 123|0x0000000623000000, 0x0000000623400000, 0x0000000623400000|100%| E|CS|TAMS 0x0000000623000000, 0x0000000623000000| Complete 
| 124|0x0000000623400000, 0x0000000623800000, 0x0000000623800000|100%| E|CS|TAMS 0x0000000623400000, 0x0000000623400000| Complete 
| 125|0x0000000623800000, 0x0000000623c00000, 0x0000000623c00000|100%| E|CS|TAMS 0x0000000623800000, 0x0000000623800000| Complete 
| 126|0x0000000623c00000, 0x0000000624000000, 0x0000000624000000|100%| E|CS|TAMS 0x0000000623c00000, 0x0000000623c00000| Complete 

Card table byte_map: [0x00000217d21d0000,0x00000217d31b0000] _byte_map_base: 0x00000217cf1ae000

Marking Bits (Prev, Next): (CMBitMap*) 0x00000217bdfcda40, (CMBitMap*) 0x00000217bdfcda80
 Prev Bits: [0x00000217d4190000, 0x00000217dc080000)
 Next Bits: [0x00000217dc080000, 0x00000217e3f70000)

Polling page: 0x00000217bbef0000

Metaspace:

Usage:
  Non-class:     17.57 MB capacity,    17.42 MB (>99%) used,   133.29 KB ( <1%) free+waste,    21.00 KB ( <1%) overhead. 
      Class:      1.41 MB capacity,     1.37 MB ( 97%) used,    39.95 KB (  3%) free+waste,     5.94 KB ( <1%) overhead. 
       Both:     18.98 MB capacity,    18.79 MB ( 99%) used,   173.23 KB ( <1%) free+waste,    26.94 KB ( <1%) overhead. 

Virtual space:
  Non-class space:       18.00 MB reserved,      17.75 MB ( 99%) committed 
      Class space:        1.00 GB reserved,       1.50 MB ( <1%) committed 
             Both:        1.02 GB reserved,      19.25 MB (  2%) committed 

Chunk freelists:
   Non-Class:  57.00 KB
       Class:  24.00 KB
        Both:  81.00 KB

MaxMetaspaceSize: 17179869184.00 GB
CompressedClassSpaceSize: 1.00 GB

CodeHeap 'non-profiled nmethods': size=119168Kb used=856Kb max_used=856Kb free=118312Kb
 bounds [0x00000217c9510000, 0x00000217c9780000, 0x00000217d0970000]
CodeHeap 'profiled nmethods': size=119104Kb used=2860Kb max_used=2860Kb free=116244Kb
 bounds [0x00000217c20c0000, 0x00000217c2390000, 0x00000217c9510000]
CodeHeap 'non-nmethods': size=7488Kb used=1758Kb max_used=2905Kb free=5729Kb
 bounds [0x00000217c1970000, 0x00000217c1c50000, 0x00000217c20c0000]
 total_blobs=2754 nmethods=1674 adapters=993
 compilation: enabled
              stopped_count=0, restarted_count=0
 full_count=0

Compilation events (20 events):
Event: 22.603 Thread 0x00000217e7904b00 1665       4       com.object.Cube::collisionCheck (66 bytes)
Event: 22.608 Thread 0x00000217e7904b00 nmethod 1665 0x00000217c95de090 code [0x00000217c95de240, 0x00000217c95de6d8]
Event: 22.824 Thread 0x00000217e7904b00 1666       4       com.object.CubeItem::updateRandomMove (40 bytes)
Event: 22.827 Thread 0x00000217e7904b00 nmethod 1666 0x00000217c95de990 code [0x00000217c95deb60, 0x00000217c95deea8]
Event: 22.923 Thread 0x00000217e7904b00 1667       4       com.object.CubeItem::setRotation (52 bytes)
Event: 22.924 Thread 0x00000217e7904b00 nmethod 1667 0x00000217c95df110 code [0x00000217c95df2c0, 0x00000217c95df498]
Event: 24.336 Thread 0x00000217e7904b00 1668       4       com.utils.KeyboardInput::input (257 bytes)
Event: 24.341 Thread 0x00000217e7904b00 nmethod 1668 0x00000217c95df590 code [0x00000217c95df7c0, 0x00000217c95dff30]
Event: 33.346 Thread 0x00000217e7904b00 1669       4       org.joml.Matrix3f::rotate (24 bytes)
Event: 33.346 Thread 0x00000217e7904b00 nmethod 1669 0x00000217c95e0710 code [0x00000217c95e08a0, 0x00000217c95e09c8]
Event: 39.034 Thread 0x00000217e7904b00 1670       4       org.joml.Matrix3f::rotate (437 bytes)
Event: 39.038 Thread 0x00000217e7904b00 nmethod 1670 0x00000217c95e0b10 code [0x00000217c95e0ce0, 0x00000217c95e1358]
Event: 47.579 Thread 0x00000217e7906a90 1671       1       java.util.concurrent.atomic.AtomicLong::get (5 bytes)
Event: 47.579 Thread 0x00000217e7906a90 nmethod 1671 0x00000217c95e1510 code [0x00000217c95e16a0, 0x00000217c95e1758]
Event: 51.457 Thread 0x00000217e7904b00 1672       4       com.object.Cube::update (392 bytes)
Event: 51.495 Thread 0x00000217e7904b00 nmethod 1672 0x00000217c95e1810 code [0x00000217c95e1aa0, 0x00000217c95e3ec0]
Event: 62.411 Thread 0x00000217e7904b00 1673       4       com.object.Camera::updateKeyboard (35 bytes)
Event: 62.418 Thread 0x00000217e7904b00 nmethod 1673 0x00000217c95e4e90 code [0x00000217c95e50a0, 0x00000217c95e5798]
Event: 88.738 Thread 0x00000217e7904b00 1674       4       org.joml.Vector3f::<init> (35 bytes)
Event: 88.739 Thread 0x00000217e7904b00 nmethod 1674 0x00000217c95e5c90 code [0x00000217c95e5e20, 0x00000217c95e5ef8]

GC Heap History (4 events):
Event: 0.985 GC heap before
{Heap before GC invocations=0 (full 0):
 garbage-first heap   total 520192K, used 24576K [0x0000000604400000, 0x0000000800000000)
  region size 4096K, 6 young (24576K), 0 survivors (0K)
 Metaspace       used 12922K, capacity 13090K, committed 13440K, reserved 1060864K
  class space    used 993K, capacity 1062K, committed 1152K, reserved 1048576K
}
Event: 0.988 GC heap after
{Heap after GC invocations=1 (full 0):
 garbage-first heap   total 520192K, used 2460K [0x0000000604400000, 0x0000000800000000)
  region size 4096K, 1 young (4096K), 1 survivors (4096K)
 Metaspace       used 12922K, capacity 13090K, committed 13440K, reserved 1060864K
  class space    used 993K, capacity 1062K, committed 1152K, reserved 1048576K
}
Event: 1.559 GC heap before
{Heap before GC invocations=1 (full 0):
 garbage-first heap   total 520192K, used 84380K [0x0000000604400000, 0x0000000800000000)
  region size 4096K, 10 young (40960K), 1 survivors (4096K)
 Metaspace       used 17245K, capacity 17382K, committed 17536K, reserved 1064960K
  class space    used 1327K, capacity 1381K, committed 1408K, reserved 1048576K
}
Event: 1.561 GC heap after
{Heap after GC invocations=2 (full 0):
 garbage-first heap   total 520192K, used 27744K [0x0000000604400000, 0x0000000800000000)
  region size 4096K, 1 young (4096K), 1 survivors (4096K)
 Metaspace       used 17245K, capacity 17382K, committed 17536K, reserved 1064960K
  class space    used 1327K, capacity 1381K, committed 1408K, reserved 1048576K
}

Deoptimization events (20 events):
Event: 1.397 Thread 0x00000217bdf54d00 Uncommon trap: trap_request=0xffffff45 fr.pc=0x00000217c957f818 relative=0x0000000000003cb8
Event: 1.397 Thread 0x00000217bdf54d00 Uncommon trap: reason=unstable_if action=reinterpret pc=0x00000217c957f818 method=org.eclipse.jdt.launching.internal.org.objectweb.asm.MethodWriter.canCopyMethodAttributes(Lorg/eclipse/jdt/launching/internal/org/objectweb/asm/ClassReader;ZZIII)Z @ 60 c2
Event: 1.397 Thread 0x00000217bdf54d00 DEOPT PACKING pc=0x00000217c957f818 sp=0x0000006625ffbb30
Event: 1.397 Thread 0x00000217bdf54d00 DEOPT UNPACKING pc=0x00000217c19be42f sp=0x0000006625ffbab8 mode 2
Event: 1.411 Thread 0x00000217bdf54d00 Uncommon trap: trap_request=0xffffff45 fr.pc=0x00000217c9526244 relative=0x0000000000000044
Event: 1.411 Thread 0x00000217bdf54d00 Uncommon trap: reason=unstable_if action=reinterpret pc=0x00000217c9526244 method=java.lang.CharacterData.of(I)Ljava/lang/CharacterData; @ 4 c2
Event: 1.411 Thread 0x00000217bdf54d00 DEOPT PACKING pc=0x00000217c9526244 sp=0x0000006625ffcb90
Event: 1.411 Thread 0x00000217bdf54d00 DEOPT UNPACKING pc=0x00000217c19be42f sp=0x0000006625ffcb30 mode 2
Event: 2.057 Thread 0x00000217bdf54d00 DEOPT PACKING pc=0x00000217c223a25f sp=0x0000006625ffa330
Event: 2.057 Thread 0x00000217bdf54d00 DEOPT UNPACKING pc=0x00000217c19be23f sp=0x0000006625ff9878 mode 0
Event: 6.391 Thread 0x00000217bdf54d00 DEOPT PACKING pc=0x00000217c2152a73 sp=0x0000006625ffa590
Event: 6.391 Thread 0x00000217bdf54d00 DEOPT UNPACKING pc=0x00000217c19be23f sp=0x0000006625ff9a18 mode 0
Event: 6.462 Thread 0x00000217bdf54d00 Uncommon trap: trap_request=0xffffff54 fr.pc=0x00000217c95bf4e0 relative=0x0000000000000060
Event: 6.462 Thread 0x00000217bdf54d00 Uncommon trap: reason=speculate_null_assert action=make_not_entrant pc=0x00000217c95bf4e0 method=sun.misc.Unsafe.getLong(Ljava/lang/Object;J)J @ 5 c2
Event: 6.462 Thread 0x00000217bdf54d00 DEOPT PACKING pc=0x00000217c95bf4e0 sp=0x0000006625ffead0
Event: 6.462 Thread 0x00000217bdf54d00 DEOPT UNPACKING pc=0x00000217c19be42f sp=0x0000006625ffea68 mode 2
Event: 15.836 Thread 0x00000217bdf54d00 Uncommon trap: trap_request=0xffffff45 fr.pc=0x00000217c95dc3d8 relative=0x0000000000000418
Event: 15.836 Thread 0x00000217bdf54d00 Uncommon trap: reason=unstable_if action=reinterpret pc=0x00000217c95dc3d8 method=com.utils.KeyboardInput.input(Lcom/graphics/Window;)V @ 92 c2
Event: 15.836 Thread 0x00000217bdf54d00 DEOPT PACKING pc=0x00000217c95dc3d8 sp=0x0000006625ffecf0
Event: 15.836 Thread 0x00000217bdf54d00 DEOPT UNPACKING pc=0x00000217c19be42f sp=0x0000006625ffecb0 mode 2

Classes unloaded (0 events):
No events

Classes redefined (3 events):
Event: 416.584 Thread 0x00000217e700fbf0 redefined class name=com.object.CubeItem, count=1
Event: 541.550 Thread 0x00000217e700fbf0 redefined class name=com.object.Cube, count=1
Event: 731.340 Thread 0x00000217e700fbf0 redefined class name=com.object.Cube, count=2

Internal exceptions (20 events):
Event: 0.519 Thread 0x00000217bdf53b50 Exception <a 'java/lang/NoSuchMethodError'{0x0000000623a00f90}: 'java.lang.Object java.lang.invoke.DirectMethodHandle$Holder.invokeStatic(java.lang.Object)'> (0x0000000623a00f90) 
thrown [./open/src/hotspot/share/interpreter/linkResolver.cpp, line 782]
Event: 0.572 Thread 0x00000217bdf54d00 Exception <a 'java/lang/NoSuchMethodError'{0x0000000623546110}: 'java.lang.Object java.lang.invoke.DirectMethodHandle$Holder.invokeStaticInit(java.lang.Object)'> (0x0000000623546110) 
thrown [./open/src/hotspot/share/interpreter/linkResolver.cpp, line 782]
Event: 0.583 Thread 0x00000217bdf54d00 Exception <a 'java/lang/NoSuchMethodError'{0x000000062360b7c0}: 'void java.lang.invoke.DirectMethodHandle$Holder.invokeSpecial(java.lang.Object, java.lang.Object, java.lang.Object)'> (0x000000062360b7c0) 
thrown [./open/src/hotspot/share/interpreter/linkResolver.cpp, line 782]
Event: 0.586 Thread 0x00000217bdf54d00 Exception <a 'java/lang/NoSuchMethodError'{0x00000006236268f8}: 'java.lang.Object java.lang.invoke.DirectMethodHandle$Holder.invokeStatic(java.lang.Object, java.lang.Object, int)'> (0x00000006236268f8) 
thrown [./open/src/hotspot/share/interpreter/linkResolver.cpp, line 782]
Event: 0.587 Thread 0x00000217bdf54d00 Exception <a 'java/lang/NoSuchMethodError'{0x0000000623632a40}: 'void java.lang.invoke.DelegatingMethodHandle$Holder.delegate(java.lang.Object, java.lang.Object, int, java.lang.Object)'> (0x0000000623632a40) 
thrown [./open/src/hotspot/share/interpreter/linkResolver.cpp, line 782]
Event: 0.588 Thread 0x00000217bdf54d00 Exception <a 'java/lang/NoSuchMethodError'{0x0000000623636b90}: 'int java.lang.invoke.DirectMethodHandle$Holder.invokeSpecial(java.lang.Object, java.lang.Object, java.lang.Object)'> (0x0000000623636b90) 
thrown [./open/src/hotspot/share/interpreter/linkResolver.cpp, line 782]
Event: 0.616 Thread 0x00000217bdf54d00 Exception <a 'sun/nio/fs/WindowsException'{0x00000006237240c0}> (0x00000006237240c0) 
thrown [./open/src/hotspot/share/prims/jni.cpp, line 578]
Event: 0.616 Thread 0x00000217bdf54d00 Exception <a 'sun/nio/fs/WindowsException'{0x00000006237256f0}> (0x00000006237256f0) 
thrown [./open/src/hotspot/share/prims/jni.cpp, line 578]
Event: 0.638 Thread 0x00000217bdf54d00 Exception <a 'sun/nio/fs/WindowsException'{0x00000006230d0ba8}> (0x00000006230d0ba8) 
thrown [./open/src/hotspot/share/prims/jni.cpp, line 578]
Event: 0.638 Thread 0x00000217bdf54d00 Exception <a 'sun/nio/fs/WindowsException'{0x00000006230d0f18}> (0x00000006230d0f18) 
thrown [./open/src/hotspot/share/prims/jni.cpp, line 578]
Event: 0.900 Thread 0x00000217bdf54d00 Exception <a 'sun/nio/fs/WindowsException'{0x00000006232cdf08}> (0x00000006232cdf08) 
thrown [./open/src/hotspot/share/prims/jni.cpp, line 578]
Event: 0.900 Thread 0x00000217bdf54d00 Exception <a 'sun/nio/fs/WindowsException'{0x00000006232ce2b8}> (0x00000006232ce2b8) 
thrown [./open/src/hotspot/share/prims/jni.cpp, line 578]
Event: 0.903 Thread 0x00000217bdf54d00 Exception <a 'sun/nio/fs/WindowsException'{0x00000006232dcbf8}> (0x00000006232dcbf8) 
thrown [./open/src/hotspot/share/prims/jni.cpp, line 578]
Event: 0.903 Thread 0x00000217bdf54d00 Exception <a 'sun/nio/fs/WindowsException'{0x00000006232dcee0}> (0x00000006232dcee0) 
thrown [./open/src/hotspot/share/prims/jni.cpp, line 578]
Event: 1.052 Thread 0x00000217bdf54d00 Exception <a 'java/lang/ClassNotFoundException'{0x000000062341ffa8}: sun/awt/resources/spi/awtProvider> (0x000000062341ffa8) 
thrown [./open/src/hotspot/share/classfile/systemDictionary.cpp, line 295]
Event: 1.070 Thread 0x00000217bdf54d00 Exception <a 'java/io/FileNotFoundException'{0x0000000623475710}> (0x0000000623475710) 
thrown [./open/src/hotspot/share/prims/jni.cpp, line 578]
Event: 1.076 Thread 0x00000217bdf54d00 Exception <a 'java/io/FileNotFoundException'{0x0000000623502b30}> (0x0000000623502b30) 
thrown [./open/src/hotspot/share/prims/jni.cpp, line 578]
Event: 1.093 Thread 0x00000217bdf54d00 Exception <a 'java/lang/NoSuchMethodError'{0x000000062358a6f8}: 'java.lang.Object java.lang.invoke.DirectMethodHandle$Holder.invokeStaticInit(java.lang.Object, int, int, int, int)'> (0x000000062358a6f8) 
thrown [./open/src/hotspot/share/interpreter/linkResolver.cpp, line 782]
Event: 1.146 Thread 0x00000217bdf54d00 Exception <a 'java/lang/NoSuchMethodError'{0x00000006235f0d48}: 'java.lang.Object java.lang.invoke.DirectMethodHandle$Holder.invokeStaticInit(java.lang.Object, java.lang.Object, int, int, int, int)'> (0x00000006235f0d48) 
thrown [./open/src/hotspot/share/interpreter/linkResolver.cpp, line 782]
Event: 731.605 Thread 0x00000217e7c10d20 Exception <a 'java/lang/LinkageError'{0x0000000620e21fd8}> (0x0000000620e21fd8) 
thrown [./open/src/hotspot/share/oops/generateOopMap.cpp, line 2137]

Events (20 events):
Event: 731.352 Executing VM operation: GetCurrentLocation
Event: 731.352 Executing VM operation: GetCurrentLocation done
Event: 731.352 Executing VM operation: ChangeSingleStep
Event: 731.352 Executing VM operation: ChangeSingleStep done
Event: 731.353 Executing VM operation: GetFrameLocation
Event: 731.353 Executing VM operation: GetFrameLocation done
Event: 731.353 Executing VM operation: get/set locals
Event: 731.353 Executing VM operation: get/set locals done
Event: 731.354 Executing VM operation: ChangeSingleStep
Event: 731.354 Executing VM operation: ChangeSingleStep done
Event: 731.355 Executing VM operation: GetFrameCount
Event: 731.355 Executing VM operation: GetFrameCount done
Event: 731.355 Executing VM operation: GetFrameCount
Event: 731.355 Executing VM operation: GetFrameCount done
Event: 731.355 Executing VM operation: GetStackTrace
Event: 731.355 Executing VM operation: GetStackTrace done
Event: 731.356 Executing VM operation: GetFrameCount
Event: 731.356 Executing VM operation: GetFrameCount done
Event: 731.604 Executing VM operation: GetFrameLocation
Event: 731.605 Executing VM operation: GetFrameLocation done


Dynamic libraries:
0x00007ff72dc30000 - 0x00007ff72dc3d000 	C:\Users\lbfn8\Downloads\eclipse-java-2021-03-R-win32-x86_64\eclipse\plugins\org.eclipse.justj.openjdk.hotspot.jre.full.win32.x86_64_15.0.2.v20210201-0955\jre\bin\javaw.exe
0x00007ffd89270000 - 0x00007ffd89465000 	C:\WINDOWS\SYSTEM32\ntdll.dll
0x00007ffd89020000 - 0x00007ffd890dd000 	C:\WINDOWS\System32\KERNEL32.DLL
0x00007ffd86d70000 - 0x00007ffd87039000 	C:\WINDOWS\System32\KERNELBASE.dll
0x00007ffd86c70000 - 0x00007ffd86d70000 	C:\WINDOWS\System32\ucrtbase.dll
0x00007ffd7c5f0000 - 0x00007ffd7c609000 	C:\Users\lbfn8\Downloads\eclipse-java-2021-03-R-win32-x86_64\eclipse\plugins\org.eclipse.justj.openjdk.hotspot.jre.full.win32.x86_64_15.0.2.v20210201-0955\jre\bin\VCRUNTIME140.dll
0x00007ffd80450000 - 0x00007ffd80468000 	C:\Users\lbfn8\Downloads\eclipse-java-2021-03-R-win32-x86_64\eclipse\plugins\org.eclipse.justj.openjdk.hotspot.jre.full.win32.x86_64_15.0.2.v20210201-0955\jre\bin\jli.dll
0x00007ffd87420000 - 0x00007ffd875c0000 	C:\WINDOWS\System32\USER32.dll
0x00007ffd86a00000 - 0x00007ffd86a22000 	C:\WINDOWS\System32\win32u.dll
0x00007ffd89200000 - 0x00007ffd8922a000 	C:\WINDOWS\System32\GDI32.dll
0x00007ffd870e0000 - 0x00007ffd871eb000 	C:\WINDOWS\System32\gdi32full.dll
0x00007ffd87040000 - 0x00007ffd870dd000 	C:\WINDOWS\System32\msvcp_win.dll
0x00007ffd67380000 - 0x00007ffd6761a000 	C:\WINDOWS\WinSxS\amd64_microsoft.windows.common-controls_6595b64144ccf1df_6.0.19041.1110_none_60b5254171f9507e\COMCTL32.dll
0x00007ffd87380000 - 0x00007ffd8741e000 	C:\WINDOWS\System32\msvcrt.dll
0x00007ffd888b0000 - 0x00007ffd888e0000 	C:\WINDOWS\System32\IMM32.DLL
0x00007ffd81e00000 - 0x00007ffd81e0c000 	C:\Users\lbfn8\Downloads\eclipse-java-2021-03-R-win32-x86_64\eclipse\plugins\org.eclipse.justj.openjdk.hotspot.jre.full.win32.x86_64_15.0.2.v20210201-0955\jre\bin\vcruntime140_1.dll
0x00007ffd65470000 - 0x00007ffd65501000 	C:\Users\lbfn8\Downloads\eclipse-java-2021-03-R-win32-x86_64\eclipse\plugins\org.eclipse.justj.openjdk.hotspot.jre.full.win32.x86_64_15.0.2.v20210201-0955\jre\bin\msvcp140.dll
0x00007ffd3c780000 - 0x00007ffd3d2de000 	C:\Users\lbfn8\Downloads\eclipse-java-2021-03-R-win32-x86_64\eclipse\plugins\org.eclipse.justj.openjdk.hotspot.jre.full.win32.x86_64_15.0.2.v20210201-0955\jre\bin\server\jvm.dll
0x00007ffd880e0000 - 0x00007ffd8818c000 	C:\WINDOWS\System32\ADVAPI32.dll
0x00007ffd88810000 - 0x00007ffd888ab000 	C:\WINDOWS\System32\sechost.dll
0x00007ffd876b0000 - 0x00007ffd877da000 	C:\WINDOWS\System32\RPCRT4.dll
0x00007ffd87fe0000 - 0x00007ffd87fe8000 	C:\WINDOWS\System32\PSAPI.DLL
0x00007ffd76670000 - 0x00007ffd76679000 	C:\WINDOWS\SYSTEM32\WSOCK32.dll
0x00007ffd885f0000 - 0x00007ffd8865b000 	C:\WINDOWS\System32\WS2_32.dll
0x00007ffd7e240000 - 0x00007ffd7e24a000 	C:\WINDOWS\SYSTEM32\VERSION.dll
0x00007ffd772b0000 - 0x00007ffd772d7000 	C:\WINDOWS\SYSTEM32\WINMM.dll
0x00007ffd85230000 - 0x00007ffd85242000 	C:\WINDOWS\SYSTEM32\kernel.appcore.dll
0x00007ffd7dfe0000 - 0x00007ffd7dfea000 	C:\Users\lbfn8\Downloads\eclipse-java-2021-03-R-win32-x86_64\eclipse\plugins\org.eclipse.justj.openjdk.hotspot.jre.full.win32.x86_64_15.0.2.v20210201-0955\jre\bin\jimage.dll
0x00007ffd85010000 - 0x00007ffd851f4000 	C:\WINDOWS\SYSTEM32\DBGHELP.DLL
0x00007ffd7cfd0000 - 0x00007ffd7cffc000 	C:\WINDOWS\SYSTEM32\dbgcore.DLL
0x00007ffd87240000 - 0x00007ffd872c3000 	C:\WINDOWS\System32\bcryptPrimitives.dll
0x00007ffd786b0000 - 0x00007ffd786e9000 	C:\Users\lbfn8\Downloads\eclipse-java-2021-03-R-win32-x86_64\eclipse\plugins\org.eclipse.justj.openjdk.hotspot.jre.full.win32.x86_64_15.0.2.v20210201-0955\jre\bin\jdwp.dll
0x00007ffd7a6f0000 - 0x00007ffd7a6fe000 	C:\Users\lbfn8\Downloads\eclipse-java-2021-03-R-win32-x86_64\eclipse\plugins\org.eclipse.justj.openjdk.hotspot.jre.full.win32.x86_64_15.0.2.v20210201-0955\jre\bin\instrument.dll
0x00007ffd61d40000 - 0x00007ffd61d65000 	C:\Users\lbfn8\Downloads\eclipse-java-2021-03-R-win32-x86_64\eclipse\plugins\org.eclipse.justj.openjdk.hotspot.jre.full.win32.x86_64_15.0.2.v20210201-0955\jre\bin\java.dll
0x00007ffd7a5b0000 - 0x00007ffd7a5c8000 	C:\Users\lbfn8\Downloads\eclipse-java-2021-03-R-win32-x86_64\eclipse\plugins\org.eclipse.justj.openjdk.hotspot.jre.full.win32.x86_64_15.0.2.v20210201-0955\jre\bin\zip.dll
0x00007ffd888e0000 - 0x00007ffd8901f000 	C:\WINDOWS\System32\SHELL32.dll
0x00007ffd84880000 - 0x00007ffd85010000 	C:\WINDOWS\SYSTEM32\windows.storage.dll
0x00007ffd881f0000 - 0x00007ffd88545000 	C:\WINDOWS\System32\combase.dll
0x00007ffd86400000 - 0x00007ffd8642c000 	C:\WINDOWS\SYSTEM32\Wldp.dll
0x00007ffd872d0000 - 0x00007ffd8737e000 	C:\WINDOWS\System32\SHCORE.dll
0x00007ffd87f80000 - 0x00007ffd87fd5000 	C:\WINDOWS\System32\shlwapi.dll
0x00007ffd868e0000 - 0x00007ffd868ff000 	C:\WINDOWS\SYSTEM32\profapi.dll
0x00007ffd7a6e0000 - 0x00007ffd7a6eb000 	C:\Users\lbfn8\Downloads\eclipse-java-2021-03-R-win32-x86_64\eclipse\plugins\org.eclipse.justj.openjdk.hotspot.jre.full.win32.x86_64_15.0.2.v20210201-0955\jre\bin\dt_socket.dll
0x00007ffd85e00000 - 0x00007ffd85e3b000 	C:\WINDOWS\SYSTEM32\IPHLPAPI.DLL
0x00007ffd86160000 - 0x00007ffd861ca000 	C:\WINDOWS\system32\mswsock.dll
0x00007ffd85e40000 - 0x00007ffd85f0c000 	C:\WINDOWS\SYSTEM32\DNSAPI.dll
0x00007ffd885e0000 - 0x00007ffd885e8000 	C:\WINDOWS\System32\NSI.dll
0x00007ffd7ebc0000 - 0x00007ffd7ebca000 	C:\Windows\System32\rasadhlp.dll
0x00007ffd7e280000 - 0x00007ffd7e2ff000 	C:\WINDOWS\System32\fwpuclnt.dll
0x00007ffd86c40000 - 0x00007ffd86c67000 	C:\WINDOWS\System32\bcrypt.dll
0x00007ffd79af0000 - 0x00007ffd79b09000 	C:\Users\lbfn8\Downloads\eclipse-java-2021-03-R-win32-x86_64\eclipse\plugins\org.eclipse.justj.openjdk.hotspot.jre.full.win32.x86_64_15.0.2.v20210201-0955\jre\bin\net.dll
0x00007ffd80d60000 - 0x00007ffd80e68000 	C:\WINDOWS\SYSTEM32\WINHTTP.dll
0x00007ffd78260000 - 0x00007ffd78272000 	C:\Users\lbfn8\Downloads\eclipse-java-2021-03-R-win32-x86_64\eclipse\plugins\org.eclipse.justj.openjdk.hotspot.jre.full.win32.x86_64_15.0.2.v20210201-0955\jre\bin\nio.dll
0x00007ffd7a120000 - 0x00007ffd7a130000 	C:\Users\lbfn8\Downloads\eclipse-java-2021-03-R-win32-x86_64\eclipse\plugins\org.eclipse.justj.openjdk.hotspot.jre.full.win32.x86_64_15.0.2.v20210201-0955\jre\bin\verify.dll
0x00007ffd5d290000 - 0x00007ffd5d2f4000 	C:\Users\lbfn8\AppData\Local\Temp\lwjgllbfn8\3.2.3-build-13\lwjgl.dll
0x00007ffd3bc40000 - 0x00007ffd3bca2000 	C:\Users\lbfn8\AppData\Local\Temp\lwjgllbfn8\3.2.3-build-13\glfw.dll
0x00007ffd83a90000 - 0x00007ffd83b2e000 	C:\WINDOWS\system32\uxtheme.dll
0x00007ffd5e430000 - 0x00007ffd5e475000 	C:\WINDOWS\SYSTEM32\dinput8.dll
0x00007ffd7a140000 - 0x00007ffd7a151000 	C:\WINDOWS\SYSTEM32\xinput1_4.dll
0x00007ffd871f0000 - 0x00007ffd8723e000 	C:\WINDOWS\System32\cfgmgr32.dll
0x00007ffd86740000 - 0x00007ffd86774000 	C:\WINDOWS\SYSTEM32\DEVOBJ.dll
0x00007ffd841f0000 - 0x00007ffd8421f000 	C:\WINDOWS\SYSTEM32\dwmapi.dll
0x00007ffd61ec0000 - 0x00007ffd62012000 	C:\WINDOWS\SYSTEM32\inputhost.dll
0x00007ffd875c0000 - 0x00007ffd8768d000 	C:\WINDOWS\System32\OLEAUT32.dll
0x00007ffd820a0000 - 0x00007ffd821f4000 	C:\WINDOWS\SYSTEM32\wintypes.dll
0x00007ffd83760000 - 0x00007ffd83852000 	C:\WINDOWS\SYSTEM32\CoreMessaging.dll
0x00007ffd83080000 - 0x00007ffd833de000 	C:\WINDOWS\SYSTEM32\CoreUIComponents.dll
0x00007ffd83d60000 - 0x00007ffd83e56000 	C:\WINDOWS\SYSTEM32\PROPSYS.dll
0x00007ffd85730000 - 0x00007ffd85763000 	C:\WINDOWS\SYSTEM32\ntmarta.dll
0x00007ffd890e0000 - 0x00007ffd891f5000 	C:\WINDOWS\System32\MSCTF.dll
0x00007ffd85220000 - 0x00007ffd8522d000 	C:\WINDOWS\SYSTEM32\HID.DLL
0x00007ffd877e0000 - 0x00007ffd87c52000 	C:\WINDOWS\System32\SETUPAPI.DLL
0x00007ffd869a0000 - 0x00007ffd86a00000 	C:\WINDOWS\System32\WINTRUST.dll
0x00007ffd86ae0000 - 0x00007ffd86c3f000 	C:\WINDOWS\System32\CRYPT32.dll
0x00007ffd86580000 - 0x00007ffd86592000 	C:\WINDOWS\SYSTEM32\MSASN1.dll
0x00007ffd4fbd0000 - 0x00007ffd4fcf5000 	C:\WINDOWS\SYSTEM32\opengl32.dll
0x00007ffd508b0000 - 0x00007ffd508dc000 	C:\WINDOWS\SYSTEM32\GLU32.dll
0x00007ffd87cc0000 - 0x00007ffd87d69000 	C:\WINDOWS\System32\clbcatq.dll
0x00007ffd06160000 - 0x00007ffd07132000 	C:\WINDOWS\System32\DriverStore\FileRepository\iigd_dch.inf_amd64_01cdaaf9ff04b86e\ig9icd64.dll
0x00007ffd87d70000 - 0x00007ffd87e9a000 	C:\WINDOWS\System32\ole32.dll
0x00007ffd852a0000 - 0x00007ffd85394000 	C:\WINDOWS\system32\dxgi.dll
0x00007ffd658a0000 - 0x00007ffd65af8000 	C:\WINDOWS\System32\DriverStore\FileRepository\iigd_dch.inf_amd64_01cdaaf9ff04b86e\igdgmm64.dll
0x00007ffd62750000 - 0x00007ffd65430000 	C:\WINDOWS\System32\DriverStore\FileRepository\iigd_dch.inf_amd64_01cdaaf9ff04b86e\igc64.dll
0x00007ffd85f20000 - 0x00007ffd85f6b000 	C:\WINDOWS\SYSTEM32\powrprof.dll
0x00007ffd85de0000 - 0x00007ffd85df2000 	C:\WINDOWS\SYSTEM32\UMPDC.dll
0x00007ffd04980000 - 0x00007ffd04d9a000 	C:\WINDOWS\System32\DriverStore\FileRepository\iigd_dch.inf_amd64_01cdaaf9ff04b86e\igdml64.dll
0x00007ffd67ed0000 - 0x00007ffd67fc9000 	C:\WINDOWS\SYSTEM32\textinputframework.dll
0x00007ffd57c70000 - 0x00007ffd57d41000 	C:\Windows\System32\IME\IMEKR\imkrtip.dll
0x00007ffd57b20000 - 0x00007ffd57c62000 	C:\Windows\System32\IME\shared\imetip.dll
0x00007ffd6ac60000 - 0x00007ffd6acc6000 	C:\WINDOWS\SYSTEM32\OLEACC.dll
0x00007ffd57970000 - 0x00007ffd57b1e000 	C:\WINDOWS\SYSTEM32\DUI70.dll
0x00007ffd7cd20000 - 0x00007ffd7cd61000 	C:\Windows\System32\IME\IMEKR\imkrapi.dll
0x00007ffd81710000 - 0x00007ffd817b0000 	C:\WINDOWS\SYSTEM32\policymanager.dll
0x00007ffd85b00000 - 0x00007ffd85b8a000 	C:\WINDOWS\SYSTEM32\msvcp110_win.dll
0x00007ffd7d030000 - 0x00007ffd7d06e000 	C:\Windows\System32\IME\shared\imjkapi.dll
0x00007ffd578b0000 - 0x00007ffd57909000 	C:\Users\lbfn8\AppData\Local\Temp\lwjgllbfn8\3.2.3-build-13\lwjgl_opengl.dll
0x00007ffd3bac0000 - 0x00007ffd3bc3f000 	C:\Users\lbfn8\Downloads\eclipse-java-2021-03-R-win32-x86_64\eclipse\plugins\org.eclipse.justj.openjdk.hotspot.jre.full.win32.x86_64_15.0.2.v20210201-0955\jre\bin\awt.dll
0x00007ffd83990000 - 0x00007ffd83a20000 	C:\WINDOWS\SYSTEM32\apphelp.dll
0x00007ffd86350000 - 0x00007ffd86368000 	C:\WINDOWS\SYSTEM32\CRYPTSP.dll
0x00007ffd85a70000 - 0x00007ffd85aa4000 	C:\WINDOWS\system32\rsaenh.dll
0x00007ffd86860000 - 0x00007ffd8688e000 	C:\WINDOWS\SYSTEM32\USERENV.dll
0x00007ffd86370000 - 0x00007ffd8637c000 	C:\WINDOWS\SYSTEM32\CRYPTBASE.dll
0x00007ffd7ed90000 - 0x00007ffd7eda7000 	C:\WINDOWS\SYSTEM32\dhcpcsvc6.DLL
0x00007ffd7eca0000 - 0x00007ffd7ecbd000 	C:\WINDOWS\SYSTEM32\dhcpcsvc.DLL
0x00007ffd78680000 - 0x00007ffd786ad000 	C:\Users\lbfn8\Downloads\eclipse-java-2021-03-R-win32-x86_64\eclipse\plugins\org.eclipse.justj.openjdk.hotspot.jre.full.win32.x86_64_15.0.2.v20210201-0955\jre\bin\javajpeg.dll
0x00007ffd71150000 - 0x00007ffd7118f000 	C:\Users\lbfn8\Downloads\eclipse-java-2021-03-R-win32-x86_64\eclipse\plugins\org.eclipse.justj.openjdk.hotspot.jre.full.win32.x86_64_15.0.2.v20210201-0955\jre\bin\lcms.dll

dbghelp: loaded successfully - version: 4.0.5 - missing functions: none
symbol engine: initialized successfully - sym options: 0x614 - pdb path: .;C:\Users\lbfn8\Downloads\eclipse-java-2021-03-R-win32-x86_64\eclipse\plugins\org.eclipse.justj.openjdk.hotspot.jre.full.win32.x86_64_15.0.2.v20210201-0955\jre\bin;C:\WINDOWS\SYSTEM32;C:\WINDOWS\WinSxS\amd64_microsoft.windows.common-controls_6595b64144ccf1df_6.0.19041.1110_none_60b5254171f9507e;C:\Users\lbfn8\Downloads\eclipse-java-2021-03-R-win32-x86_64\eclipse\plugins\org.eclipse.justj.openjdk.hotspot.jre.full.win32.x86_64_15.0.2.v20210201-0955\jre\bin\server;C:\Users\lbfn8\AppData\Local\Temp\lwjgllbfn8\3.2.3-build-13;C:\WINDOWS\System32\DriverStore\FileRepository\iigd_dch.inf_amd64_01cdaaf9ff04b86e;C:\Windows\System32\IME\IMEKR;C:\Windows\System32\IME\shared

VM Arguments:
jvm_args: -XX:+ShowCodeDetailsInExceptionMessages -agentlib:jdwp=transport=dt_socket,suspend=y,address=localhost:49330 -javaagent:C:\Users\lbfn8\Downloads\eclipse-java-2021-03-R-win32-x86_64\eclipse\configuration\org.eclipse.osgi\222\0\.cp\lib\javaagent-shaded.jar -Dfile.encoding=UTF-8 
java_command: com.Main
java_class_path (initial): C:\Users\lbfn8\Desktop\00. Computer Engineering\0. JAVA\lwjgl-3.2.3\lwjgl\lwjgl.jar;C:\Users\lbfn8\Desktop\00. Computer Engineering\0. JAVA\lwjgl-3.2.3\lwjgl\lwjgl-javadoc.jar;C:\Users\lbfn8\Desktop\00. Computer Engineering\0. JAVA\lwjgl-3.2.3\lwjgl\lwjgl-natives-windows.jar;C:\Users\lbfn8\Desktop\00. Computer Engineering\0. JAVA\lwjgl-3.2.3\lwjgl-glfw\lwjgl-glfw.jar;C:\Users\lbfn8\Desktop\00. Computer Engineering\0. JAVA\lwjgl-3.2.3\lwjgl-glfw\lwjgl-glfw-natives-windows.jar;C:\Users\lbfn8\Desktop\00. Computer Engineering\0. JAVA\lwjgl-3.2.3\lwjgl-opengl\lwjgl-opengl.jar;C:\Users\lbfn8\Desktop\00. Computer Engineering\0. JAVA\lwjgl-3.2.3\lwjgl-opengl\lwjgl-opengl-natives-windows.jar;C:\Users\lbfn8\Desktop\00. Computer Engineering\JAVA_Project_Eclipse_newer\LWJGL_3D_PIC_CUBE\target\classes;C:\Users\lbfn8\.m2\repository\org\lwjgl\lwjgl-stb\3.2.3\lwjgl-stb-3.2.3.jar;C:\Users\lbfn8\.m2\repository\org\lwjgl\lwjgl\3.2.3\lwjgl-3.2.3.jar;C:\Users\lbfn8\.m2\repository\org\joml\joml\1.10.1\joml-1.10.1.jar
Launcher Type: SUN_STANDARD

[Global flags]
     intx CICompilerCount                          = 12                                        {product} {ergonomic}
     uint ConcGCThreads                            = 3                                         {product} {ergonomic}
     uint G1ConcRefinementThreads                  = 13                                        {product} {ergonomic}
   size_t G1HeapRegionSize                         = 4194304                                   {product} {ergonomic}
    uintx GCDrainStackTargetSize                   = 64                                        {product} {ergonomic}
   size_t InitialHeapSize                          = 532676608                                 {product} {ergonomic}
   size_t MarkStackSize                            = 4194304                                   {product} {ergonomic}
   size_t MaxHeapSize                              = 8518631424                                {product} {ergonomic}
   size_t MaxNewSize                               = 5108662272                                {product} {ergonomic}
   size_t MinHeapDeltaBytes                        = 4194304                                   {product} {ergonomic}
   size_t MinHeapSize                              = 8388608                                   {product} {ergonomic}
    uintx NonNMethodCodeHeapSize                   = 7602480                                {pd product} {ergonomic}
    uintx NonProfiledCodeHeapSize                  = 122027880                              {pd product} {ergonomic}
    uintx ProfiledCodeHeapSize                     = 122027880                              {pd product} {ergonomic}
    uintx ReservedCodeCacheSize                    = 251658240                              {pd product} {ergonomic}
     bool SegmentedCodeCache                       = true                                      {product} {ergonomic}
     bool ShowCodeDetailsInExceptionMessages       = true                                   {manageable} {command line}
   size_t SoftMaxHeapSize                          = 8518631424                             {manageable} {ergonomic}
     bool UseCompressedClassPointers               = true                                 {lp64_product} {ergonomic}
     bool UseCompressedOops                        = true                                 {lp64_product} {ergonomic}
     bool UseG1GC                                  = true                                      {product} {ergonomic}
     bool UseLargePagesIndividualAllocation        = false                                  {pd product} {ergonomic}

Logging:
Log output configuration:
 #0: stdout all=warning uptime,level,tags
 #1: stderr all=off uptime,level,tags

Environment Variables:
PATH=C:\Users\lbfn8\Downloads\eclipse-java-2021-03-R-win32-x86_64\eclipse\plugins\org.eclipse.justj.openjdk.hotspot.jre.full.win32.x86_64_15.0.2.v20210201-0955\jre\bin;C:/Users/lbfn8/Downloads/eclipse-java-2021-03-R-win32-x86_64/eclipse//plugins/org.eclipse.justj.openjdk.hotspot.jre.full.win32.x86_64_15.0.2.v20210201-0955/jre/bin/server;C:/Users/lbfn8/Downloads/eclipse-java-2021-03-R-win32-x86_64/eclipse//plugins/org.eclipse.justj.openjdk.hotspot.jre.full.win32.x86_64_15.0.2.v20210201-0955/jre/bin;C:\Program Files (x86)\Common Files\Oracle\Java\javapath;C:\Program Files (x86)\VMware\VMware Workstation\bin\;C:\WINDOWS\system32;C:\WINDOWS;C:\WINDOWS\System32\Wbem;C:\WINDOWS\System32\WindowsPowerShell\v1.0\;C:\WINDOWS\System32\OpenSSH\;C:\Program Files\Git\cmd;C:\Program Files\JetBrains\PyCharm Community Edition 2020.3.3\bin;;C:\Users\lbfn8\anaconda3;C:\Users\lbfn8\anaconda3\Scripts;C:\Users\lbfn8\anaconda3\Library\bin;;C:\Users\lbfn8\AppData\Local\Microsoft\WindowsApps;C:\Users\lbfn8\Downloads\eclipse-java-2021-03-R-win32-x86_64\eclipse;
USERNAME=lbfn8
OS=Windows_NT
PROCESSOR_IDENTIFIER=Intel64 Family 6 Model 158 Stepping 13, GenuineIntel



---------------  S Y S T E M  ---------------

OS:
 Windows 10 , 64 bit Build 19041 (10.0.19041.1151)
OS uptime: 9 days 21:49 hours

CPU: total 16 (initial active 16) (8 cores per cpu, 2 threads per core) family 6 model 158 stepping 13 microcode 0xea, cmov, cx8, fxsr, mmx, sse, sse2, sse3, ssse3, sse4.1, sse4.2, popcnt, vzeroupper, avx, avx2, aes, clmul, erms, 3dnowpref, lzcnt, ht, tsc, tscinvbit, bmi1, bmi2, adx, fma, clflush, clflushopt

Memory: 4k page, system-wide physical 32495M (16839M free)
TotalPageFile size 85743M (AvailPageFile size 56683M)
current process WorkingSet (physical memory assigned to process): 382M, peak: 432M
current process commit charge ("private bytes"): 733M, peak: 790M

vm_info: OpenJDK 64-Bit Server VM (15.0.2+7-27) for windows-amd64 JRE (15.0.2+7-27), built on Dec  7 2020 20:02:38 by "mach5one" with unknown MS VC++:1925

END.
